-------------------------------------------------------------------------------
Test set: edu.yu.cs.com1320.project.stage5.impl.PersistenceManagerTest
-------------------------------------------------------------------------------
Tests run: 4, Failures: 1, Errors: 0, Skipped: 0, Time elapsed: 0.043 s <<< FAILURE! - in edu.yu.cs.com1320.project.stage5.impl.PersistenceManagerTest
edu.yu.cs.com1320.project.stage5.impl.PersistenceManagerTest.deleteTest  Time elapsed: 0.001 s  <<< FAILURE!
java.lang.AssertionError
	at edu.yu.cs.com1320.project.stage5.impl.PersistenceManagerTest.deleteTest(PersistenceManagerTest.java:53)

